0 info it worked if it ends with ok
1 verbose cli [ 'node',
1 verbose cli   '/Users/tylercecchi/.nvm/v0.10.35/bin/npm',
1 verbose cli   'install',
1 verbose cli   '-g',
1 verbose cli   'zlib' ]
2 info using npm@2.7.0
3 info using node@v0.10.35
4 silly cache add args [ 'zlib', null ]
5 verbose cache add spec zlib
6 silly cache add parsed spec { raw: 'zlib',
6 silly cache add   scope: null,
6 silly cache add   name: 'zlib',
6 silly cache add   rawSpec: '',
6 silly cache add   spec: '*',
6 silly cache add   type: 'range' }
7 verbose addNamed zlib@*
8 silly addNamed semver.valid null
9 silly addNamed semver.validRange *
10 silly addNameRange { name: 'zlib', range: '*', hasData: false }
11 silly mapToRegistry name zlib
12 silly mapToRegistry using default registry
13 silly mapToRegistry registry https://registry.npmjs.org/
14 silly mapToRegistry uri https://registry.npmjs.org/zlib
15 verbose addNameRange registry:https://registry.npmjs.org/zlib not in flight; fetching
16 verbose request uri https://registry.npmjs.org/zlib
17 verbose request no auth needed
18 info attempt registry request try #1 at 11:01:04
19 verbose request id a2c695adc4ba5bcf
20 verbose etag "5MPTL9F7XK1G117NC9HPKL8F4"
21 http request GET https://registry.npmjs.org/zlib
22 http 304 https://registry.npmjs.org/zlib
23 silly get cb [ 304,
23 silly get   { date: 'Thu, 12 Mar 2015 15:01:05 GMT',
23 silly get     server: 'Apache',
23 silly get     via: '1.1 varnish',
23 silly get     'last-modified': 'Thu, 12 Mar 2015 15:01:06 GMT',
23 silly get     'cache-control': 'max-age=60',
23 silly get     etag: '"5MPTL9F7XK1G117NC9HPKL8F4"',
23 silly get     age: '0',
23 silly get     'x-served-by': 'cache-atl6225-ATL',
23 silly get     'x-cache': 'MISS',
23 silly get     'x-cache-hits': '0',
23 silly get     'x-timer': 'S1426172465.932564,VS0,VE118',
23 silly get     vary: 'Accept',
23 silly get     'content-length': '0',
23 silly get     'keep-alive': 'timeout=10, max=50',
23 silly get     connection: 'Keep-Alive' } ]
24 verbose etag https://registry.npmjs.org/zlib from cache
25 verbose get saving zlib to /Users/tylercecchi/.npm/registry.npmjs.org/zlib/.cache.json
26 silly addNameRange number 2 { name: 'zlib', range: '*', hasData: true }
27 silly addNameRange versions [ 'zlib',
27 silly addNameRange   [ '1.0.0', '1.0.1', '1.0.2', '1.0.3', '1.0.4', '1.0.5' ] ]
28 verbose addNamed zlib@1.0.5
29 silly addNamed semver.valid 1.0.5
30 silly addNamed semver.validRange 1.0.5
31 silly cache afterAdd zlib@1.0.5
32 verbose afterAdd /Users/tylercecchi/.npm/zlib/1.0.5/package/package.json not in flight; writing
33 verbose afterAdd /Users/tylercecchi/.npm/zlib/1.0.5/package/package.json written
34 silly install resolved [ { name: 'zlib',
34 silly install resolved     description: 'Simple, synchronous deflate/inflate for buffers',
34 silly install resolved     version: '1.0.5',
34 silly install resolved     homepage: 'https://github.com/kkaefer/node-zlib',
34 silly install resolved     author: { name: 'Konstantin Käfer', email: 'kkaefer@gmail.com' },
34 silly install resolved     repository: { type: 'git', url: 'git://github.com/kkaefer/node-zlib.git' },
34 silly install resolved     engines: { node: '>=0.2.0' },
34 silly install resolved     licenses: [ [Object] ],
34 silly install resolved     main: './lib/zlib',
34 silly install resolved     _npmJsonOpts:
34 silly install resolved      { file: '/Users/kkaefer/.npm/zlib/1.0.5/package/package.json',
34 silly install resolved        contributors: false,
34 silly install resolved        serverjs: false,
34 silly install resolved        wscript: true },
34 silly install resolved     _id: 'zlib@1.0.5',
34 silly install resolved     scripts: { preinstall: 'node-waf clean || true; node-waf configure build' },
34 silly install resolved     dependencies: {},
34 silly install resolved     devDependencies: {},
34 silly install resolved     _engineSupported: true,
34 silly install resolved     _npmVersion: '1.0.23',
34 silly install resolved     _nodeVersion: 'v0.4.9',
34 silly install resolved     _defaultsLoaded: true,
34 silly install resolved     dist:
34 silly install resolved      { shasum: '6e7c972fc371c645a6afb03ab14769def114fcc0',
34 silly install resolved        tarball: 'http://registry.npmjs.org/zlib/-/zlib-1.0.5.tgz' },
34 silly install resolved     maintainers: [ [Object], [Object], [Object], [Object], [Object] ],
34 silly install resolved     directories: {},
34 silly install resolved     _shasum: '6e7c972fc371c645a6afb03ab14769def114fcc0',
34 silly install resolved     _resolved: 'https://registry.npmjs.org/zlib/-/zlib-1.0.5.tgz',
34 silly install resolved     _from: 'zlib@*',
34 silly install resolved     bugs: { url: 'https://github.com/kkaefer/node-zlib/issues' },
34 silly install resolved     readme: 'ERROR: No README data found!' } ]
35 info install zlib@1.0.5 into /Users/tylercecchi/.nvm/v0.10.35/lib
36 info installOne zlib@1.0.5
37 verbose installOne of zlib to /Users/tylercecchi/.nvm/v0.10.35/lib not in flight; installing
38 verbose lock using /Users/tylercecchi/.npm/_locks/zlib-dcf69e08a6443a2f.lock for /Users/tylercecchi/.nvm/v0.10.35/lib/node_modules/zlib
39 silly install write writing zlib 1.0.5 to /Users/tylercecchi/.nvm/v0.10.35/lib/node_modules/zlib
40 silly cache addNamed cb zlib@1.0.5
41 verbose unbuild lib/node_modules/zlib
42 verbose gentlyRm vacuuming /Users/tylercecchi/.nvm/v0.10.35/lib/node_modules/zlib
43 verbose tar unpack /Users/tylercecchi/.npm/zlib/1.0.5/package.tgz
44 verbose tar unpacking to /Users/tylercecchi/.nvm/v0.10.35/lib/node_modules/zlib
45 verbose gentlyRm vacuuming /Users/tylercecchi/.nvm/v0.10.35/lib/node_modules/zlib
46 silly gunzTarPerm modes [ '755', '644' ]
47 silly gunzTarPerm extractEntry .gitignore
48 silly gunzTarPerm extractEntry configure
49 silly gunzTarPerm extractEntry index.js
50 silly gunzTarPerm extractEntry LICENSE
51 silly gunzTarPerm extractEntry Makefile
52 silly gunzTarPerm extractEntry package.json
53 silly gunzTarPerm extractEntry README.md
54 silly gunzTarPerm extractEntry wscript
55 silly gunzTarPerm extractEntry lib/zlib.js
56 silly gunzTarPerm extractEntry src/node-zlib.cc
57 silly gunzTarPerm extractEntry test/deflate.test.js
58 silly gunzTarPerm extractEntry test/inflate.test.js
59 info preinstall zlib@1.0.5
60 verbose unsafe-perm in lifecycle true
61 info zlib@1.0.5 Failed to exec preinstall script
62 verbose unlock done using /Users/tylercecchi/.npm/_locks/zlib-dcf69e08a6443a2f.lock for /Users/tylercecchi/.nvm/v0.10.35/lib/node_modules/zlib
63 verbose stack Error: zlib@1.0.5 preinstall: `node-waf clean || true; node-waf configure build`
63 verbose stack Exit status 127
63 verbose stack     at EventEmitter.<anonymous> (/Users/tylercecchi/.nvm/v0.10.35/lib/node_modules/npm/lib/utils/lifecycle.js:213:16)
63 verbose stack     at EventEmitter.emit (events.js:98:17)
63 verbose stack     at ChildProcess.<anonymous> (/Users/tylercecchi/.nvm/v0.10.35/lib/node_modules/npm/lib/utils/spawn.js:14:12)
63 verbose stack     at ChildProcess.emit (events.js:98:17)
63 verbose stack     at maybeClose (child_process.js:766:16)
63 verbose stack     at Process.ChildProcess._handle.onexit (child_process.js:833:5)
64 verbose pkgid zlib@1.0.5
65 verbose cwd /Users/tylercecchi/theIronYard/finalProject
66 error Darwin 14.1.0
67 error argv "node" "/Users/tylercecchi/.nvm/v0.10.35/bin/npm" "install" "-g" "zlib"
68 error node v0.10.35
69 error npm  v2.7.0
70 error code ELIFECYCLE
71 error zlib@1.0.5 preinstall: `node-waf clean || true; node-waf configure build`
71 error Exit status 127
72 error Failed at the zlib@1.0.5 preinstall script 'node-waf clean || true; node-waf configure build'.
72 error This is most likely a problem with the zlib package,
72 error not with npm itself.
72 error Tell the author that this fails on your system:
72 error     node-waf clean || true; node-waf configure build
72 error You can get their info via:
72 error     npm owner ls zlib
72 error There is likely additional logging output above.
73 verbose exit [ 1, true ]
74 verbose unbuild lib/node_modules/zlib
75 info preuninstall zlib@1.0.5
76 info uninstall zlib@1.0.5
77 verbose unbuild rmStuff zlib@1.0.5 from /Users/tylercecchi/.nvm/v0.10.35/lib/node_modules
78 info postuninstall zlib@1.0.5
79 verbose gentlyRm vacuuming /Users/tylercecchi/.nvm/v0.10.35/lib/node_modules/zlib
80 silly gentlyRm purging /Users/tylercecchi/.nvm/v0.10.35/lib/node_modules/zlib
81 silly gentlyRm quitting because other entries in /Users/tylercecchi/.nvm/v0.10.35/lib/node_modules
